<?xml version="1.0" encoding="UTF-8"?>
<testsuite name="beer.cheese.FinalTest" tests="1" skipped="0" failures="0" errors="0" timestamp="2020-10-18T12:34:19" hostname="xxxcrel-Ubuntu" time="0.006">
  <properties/>
  <testcase name="labelBreak" classname="beer.cheese.FinalTest" time="0.006"/>
  <system-out><![CDATA[6
]]></system-out>
  <system-err><![CDATA[]]></system-err>
</testsuite>
